<?xml version="1.0" encoding="UTF-8"?>
<testng-results skipped="0" failed="0" ignored="0" total="2" passed="2">
  <reporter-output>
  </reporter-output>
  <suite name="Default suite" duration-ms="2407" started-at="2023-03-27T16:42:30Z" finished-at="2023-03-27T16:42:32Z">
    <groups>
    </groups>
    <test name="Default test" duration-ms="2407" started-at="2023-03-27T16:42:30Z" finished-at="2023-03-27T16:42:32Z">
      <class name="testCases.DeleteOneProduct">
        <test-method status="PASS" signature="deleteOneProduct()[pri:1, instance:testCases.DeleteOneProduct@5b0abc94]" name="deleteOneProduct" duration-ms="2047" started-at="2023-03-27T16:42:30Z" finished-at="2023-03-27T16:42:32Z">
          <reporter-output>
          </reporter-output>
        </test-method> <!-- deleteOneProduct -->
        <test-method status="PASS" signature="readOneProduct()[pri:2, instance:testCases.DeleteOneProduct@5b0abc94]" name="readOneProduct" duration-ms="328" started-at="2023-03-27T16:42:32Z" finished-at="2023-03-27T16:42:32Z">
          <reporter-output>
          </reporter-output>
        </test-method> <!-- readOneProduct -->
      </class> <!-- testCases.DeleteOneProduct -->
    </test> <!-- Default test -->
  </suite> <!-- Default suite -->
</testng-results>
